2025-08-18 16:30:39,017 - ERROR - VN data error: 'Quote' object has no attribute 'price_board'
2025-08-18 16:41:14,904 - ERROR - VN data error: 'Quote' object has no attribute 'price_board'
2025-08-18 16:43:48,323 - ERROR - VN data error: 'Quote' object has no attribute 'price_board'
2025-08-18 16:53:37,382 - ERROR - HTTP Error 404: 
2025-08-18 16:53:38,520 - ERROR - 
1 Failed download:
2025-08-18 16:53:38,521 - ERROR - ['^VNINDEX']: YFPricesMissingError('possibly delisted; no price data found  (period=7d) (Yahoo error = "No data found, symbol may be delisted")')
2025-08-18 16:53:38,848 - ERROR - 
1 Failed download:
2025-08-18 16:53:38,849 - ERROR - ['^VNI']: YFPricesMissingError('possibly delisted; no price data found  (period=7d)')
2025-08-18 16:53:40,490 - ERROR - HTTP Error 404: 
2025-08-18 16:53:41,482 - ERROR - 
1 Failed download:
2025-08-18 16:53:41,482 - ERROR - ['^VN30']: YFPricesMissingError('possibly delisted; no price data found  (period=7d) (Yahoo error = "No data found, symbol may be delisted")')
2025-08-18 16:53:42,930 - ERROR - 
1 Failed download:
2025-08-18 16:53:42,930 - ERROR - ['^VNX']: YFPricesMissingError('possibly delisted; no price data found  (period=7d) (Yahoo error = "No data found, symbol may be delisted")')
2025-08-18 16:53:44,433 - ERROR - 
1 Failed download:
2025-08-18 16:53:44,434 - ERROR - ['VCB.HM']: YFPricesMissingError('possibly delisted; no price data found  (period=10d) (Yahoo error = "No data found, symbol may be delisted")')
2025-08-18 16:53:45,789 - ERROR - 
1 Failed download:
2025-08-18 16:53:45,789 - ERROR - ['TCB.HM']: YFPricesMissingError('possibly delisted; no price data found  (period=10d) (Yahoo error = "No data found, symbol may be delisted")')
2025-08-18 16:53:47,837 - ERROR - 
1 Failed download:
2025-08-18 16:53:47,837 - ERROR - ['BID.HM']: YFPricesMissingError('possibly delisted; no price data found  (period=10d) (Yahoo error = "No data found, symbol may be delisted")')
2025-08-18 16:53:49,109 - ERROR - 
1 Failed download:
2025-08-18 16:53:49,110 - ERROR - ['CTG.HM']: YFPricesMissingError('possibly delisted; no price data found  (period=10d) (Yahoo error = "No data found, symbol may be delisted")')
2025-08-18 16:53:50,372 - ERROR - 
1 Failed download:
2025-08-18 16:53:50,373 - ERROR - ['VPB.HM']: YFPricesMissingError('possibly delisted; no price data found  (period=10d) (Yahoo error = "No data found, symbol may be delisted")')
2025-08-18 16:53:51,554 - ERROR - 
1 Failed download:
2025-08-18 16:53:51,554 - ERROR - ['GAS.HM']: YFPricesMissingError('possibly delisted; no price data found  (period=10d) (Yahoo error = "No data found, symbol may be delisted")')
2025-08-18 16:53:52,774 - ERROR - 
1 Failed download:
2025-08-18 16:53:52,774 - ERROR - ['PLX.HM']: YFPricesMissingError('possibly delisted; no price data found  (period=10d) (Yahoo error = "No data found, symbol may be delisted")')
2025-08-18 16:53:54,080 - ERROR - 
1 Failed download:
2025-08-18 16:53:54,081 - ERROR - ['PVD.HM']: YFPricesMissingError('possibly delisted; no price data found  (period=10d) (Yahoo error = "No data found, symbol may be delisted")')
2025-08-18 16:53:55,244 - ERROR - 
1 Failed download:
2025-08-18 16:53:55,245 - ERROR - ['POW.HM']: YFPricesMissingError('possibly delisted; no price data found  (period=10d) (Yahoo error = "No data found, symbol may be delisted")')
2025-08-18 16:53:55,716 - ERROR - 
1 Failed download:
2025-08-18 16:53:55,717 - ERROR - ['REE.HM']: YFPricesMissingError('possibly delisted; no price data found  (period=10d)')
2025-08-18 16:53:56,933 - ERROR - 
1 Failed download:
2025-08-18 16:53:56,933 - ERROR - ['VHM.HM']: YFPricesMissingError('possibly delisted; no price data found  (period=10d) (Yahoo error = "No data found, symbol may be delisted")')
2025-08-18 16:53:58,250 - ERROR - 
1 Failed download:
2025-08-18 16:53:58,250 - ERROR - ['VIC.HM']: YFPricesMissingError('possibly delisted; no price data found  (period=10d) (Yahoo error = "No data found, symbol may be delisted")')
2025-08-18 16:53:59,846 - ERROR - 
1 Failed download:
2025-08-18 16:53:59,846 - ERROR - ['KDH.HM']: YFPricesMissingError('possibly delisted; no price data found  (period=10d) (Yahoo error = "No data found, symbol may be delisted")')
2025-08-18 16:54:01,279 - ERROR - 
1 Failed download:
2025-08-18 16:54:01,280 - ERROR - ['DXG.HM']: YFPricesMissingError('possibly delisted; no price data found  (period=10d) (Yahoo error = "No data found, symbol may be delisted")')
2025-08-18 16:54:02,551 - ERROR - 
1 Failed download:
2025-08-18 16:54:02,552 - ERROR - ['NVL.HM']: YFPricesMissingError('possibly delisted; no price data found  (period=10d) (Yahoo error = "No data found, symbol may be delisted")')
2025-08-18 16:54:03,733 - ERROR - 
1 Failed download:
2025-08-18 16:54:03,733 - ERROR - ['FPT.HM']: YFPricesMissingError('possibly delisted; no price data found  (period=10d) (Yahoo error = "No data found, symbol may be delisted")')
2025-08-18 16:54:05,069 - ERROR - 
1 Failed download:
2025-08-18 16:54:05,070 - ERROR - ['CMG.HM']: YFPricesMissingError('possibly delisted; no price data found  (period=10d) (Yahoo error = "No data found, symbol may be delisted")')
2025-08-18 16:54:06,241 - ERROR - 
1 Failed download:
2025-08-18 16:54:06,241 - ERROR - ['ELC.HM']: YFPricesMissingError('possibly delisted; no price data found  (period=10d) (Yahoo error = "No data found, symbol may be delisted")')
2025-08-18 16:54:08,306 - ERROR - 
1 Failed download:
2025-08-18 16:54:08,307 - ERROR - ['SVC.HM']: YFPricesMissingError('possibly delisted; no price data found  (period=10d) (Yahoo error = "No data found, symbol may be delisted")')
2025-08-18 16:54:09,578 - ERROR - 
1 Failed download:
2025-08-18 16:54:09,579 - ERROR - ['HPG.HM']: YFPricesMissingError('possibly delisted; no price data found  (period=10d) (Yahoo error = "No data found, symbol may be delisted")')
2025-08-18 16:54:10,831 - ERROR - 
1 Failed download:
2025-08-18 16:54:10,832 - ERROR - ['HSG.HM']: YFPricesMissingError('possibly delisted; no price data found  (period=10d) (Yahoo error = "No data found, symbol may be delisted")')
2025-08-18 16:54:12,123 - ERROR - 
1 Failed download:
2025-08-18 16:54:12,123 - ERROR - ['NKG.HM']: YFPricesMissingError('possibly delisted; no price data found  (period=10d) (Yahoo error = "No data found, symbol may be delisted")')
2025-08-18 16:54:13,546 - ERROR - 
1 Failed download:
2025-08-18 16:54:13,546 - ERROR - ['VNM.HM']: YFPricesMissingError('possibly delisted; no price data found  (period=10d) (Yahoo error = "No data found, symbol may be delisted")')
2025-08-18 16:54:15,108 - ERROR - 
1 Failed download:
2025-08-18 16:54:15,108 - ERROR - ['MSN.HM']: YFPricesMissingError('possibly delisted; no price data found  (period=10d) (Yahoo error = "No data found, symbol may be delisted")')
2025-08-18 16:54:16,617 - ERROR - 
1 Failed download:
2025-08-18 16:54:16,617 - ERROR - ['VJC.HM']: YFPricesMissingError('possibly delisted; no price data found  (period=10d) (Yahoo error = "No data found, symbol may be delisted")')
2025-08-18 16:54:25,892 - ERROR - 
1 Failed download:
2025-08-18 16:54:25,892 - ERROR - ['VCB.HM']: YFPricesMissingError('possibly delisted; no price data found  (period=10d) (Yahoo error = "No data found, symbol may be delisted")')
2025-08-18 16:54:26,651 - ERROR - 
1 Failed download:
2025-08-18 16:54:26,651 - ERROR - ['TCB.HM']: YFPricesMissingError('possibly delisted; no price data found  (period=10d) (Yahoo error = "No data found, symbol may be delisted")')
2025-08-18 16:54:27,868 - ERROR - 
1 Failed download:
2025-08-18 16:54:27,869 - ERROR - ['BID.HM']: YFPricesMissingError('possibly delisted; no price data found  (period=10d) (Yahoo error = "No data found, symbol may be delisted")')
2025-08-18 16:54:28,557 - ERROR - 
1 Failed download:
2025-08-18 16:54:28,558 - ERROR - ['CTG.HM']: YFPricesMissingError('possibly delisted; no price data found  (period=10d) (Yahoo error = "No data found, symbol may be delisted")')
2025-08-18 16:54:31,227 - ERROR - 
1 Failed download:
2025-08-18 16:54:31,227 - ERROR - ['VPB.HM']: YFPricesMissingError('possibly delisted; no price data found  (period=10d) (Yahoo error = "No data found, symbol may be delisted")')
2025-08-18 16:54:31,915 - ERROR - 
1 Failed download:
2025-08-18 16:54:31,915 - ERROR - ['GAS.HM']: YFPricesMissingError('possibly delisted; no price data found  (period=10d) (Yahoo error = "No data found, symbol may be delisted")')
2025-08-18 16:54:32,541 - ERROR - 
1 Failed download:
2025-08-18 16:54:32,541 - ERROR - ['PLX.HM']: YFPricesMissingError('possibly delisted; no price data found  (period=10d) (Yahoo error = "No data found, symbol may be delisted")')
2025-08-18 16:54:33,250 - ERROR - 
1 Failed download:
2025-08-18 16:54:33,251 - ERROR - ['PVD.HM']: YFPricesMissingError('possibly delisted; no price data found  (period=10d) (Yahoo error = "No data found, symbol may be delisted")')
2025-08-18 16:54:33,960 - ERROR - 
1 Failed download:
2025-08-18 16:54:33,960 - ERROR - ['POW.HM']: YFPricesMissingError('possibly delisted; no price data found  (period=10d) (Yahoo error = "No data found, symbol may be delisted")')
2025-08-18 16:54:34,235 - ERROR - 
1 Failed download:
2025-08-18 16:54:34,235 - ERROR - ['REE.HM']: YFPricesMissingError('possibly delisted; no price data found  (period=10d)')
2025-08-18 16:54:34,982 - ERROR - 
1 Failed download:
2025-08-18 16:54:34,983 - ERROR - ['VHM.HM']: YFPricesMissingError('possibly delisted; no price data found  (period=10d) (Yahoo error = "No data found, symbol may be delisted")')
2025-08-18 16:54:35,858 - ERROR - 
1 Failed download:
2025-08-18 16:54:35,859 - ERROR - ['VIC.HM']: YFPricesMissingError('possibly delisted; no price data found  (period=10d) (Yahoo error = "No data found, symbol may be delisted")')
2025-08-18 16:54:36,659 - ERROR - 
1 Failed download:
2025-08-18 16:54:36,659 - ERROR - ['KDH.HM']: YFPricesMissingError('possibly delisted; no price data found  (period=10d) (Yahoo error = "No data found, symbol may be delisted")')
2025-08-18 16:54:37,272 - ERROR - 
1 Failed download:
2025-08-18 16:54:37,272 - ERROR - ['DXG.HM']: YFPricesMissingError('possibly delisted; no price data found  (period=10d) (Yahoo error = "No data found, symbol may be delisted")')
2025-08-18 16:54:38,319 - ERROR - 
1 Failed download:
2025-08-18 16:54:38,320 - ERROR - ['NVL.HM']: YFPricesMissingError('possibly delisted; no price data found  (period=10d) (Yahoo error = "No data found, symbol may be delisted")')
2025-08-18 16:54:39,112 - ERROR - 
1 Failed download:
2025-08-18 16:54:39,112 - ERROR - ['FPT.HM']: YFPricesMissingError('possibly delisted; no price data found  (period=10d) (Yahoo error = "No data found, symbol may be delisted")')
2025-08-18 16:54:39,874 - ERROR - 
1 Failed download:
2025-08-18 16:54:39,875 - ERROR - ['CMG.HM']: YFPricesMissingError('possibly delisted; no price data found  (period=10d) (Yahoo error = "No data found, symbol may be delisted")')
2025-08-18 16:54:40,438 - ERROR - 
1 Failed download:
2025-08-18 16:54:40,438 - ERROR - ['ELC.HM']: YFPricesMissingError('possibly delisted; no price data found  (period=10d) (Yahoo error = "No data found, symbol may be delisted")')
2025-08-18 16:54:41,131 - ERROR - 
1 Failed download:
2025-08-18 16:54:41,131 - ERROR - ['SVC.HM']: YFPricesMissingError('possibly delisted; no price data found  (period=10d) (Yahoo error = "No data found, symbol may be delisted")')
2025-08-18 17:00:46,555 - ERROR - VN data error: RetryError[<Future at 0x1e49c1789d0 state=finished raised HTTPError>]
2025-08-19 11:08:58,543 - INFO - Loading US economic data...
2025-08-19 11:09:04,087 - INFO - Loading Fed probability data...
2025-08-19 11:09:05,302 - INFO - Loading Vietnam market data...
2025-08-19 11:09:05,482 - ERROR - TCBS bars error for VNINDEX: Already tz-aware, use tz_convert to convert.
2025-08-19 11:09:05,613 - ERROR - TCBS bars error for VN30: Already tz-aware, use tz_convert to convert.
2025-08-19 11:09:05,744 - ERROR - TCBS bars error for HNXINDEX: Already tz-aware, use tz_convert to convert.
2025-08-19 11:09:05,894 - ERROR - TCBS bars error for HNX30: Already tz-aware, use tz_convert to convert.
2025-08-19 11:09:06,396 - ERROR - TCBS bars error for description: 400 Client Error: Bad Request for url: https://apipubaws.tcbs.com.vn/stock-insight/v1/stock/bars-long-term?ticker=DESCRIPTION&type=stock&resolution=D&from=1752944400&to=1755536400
2025-08-19 11:09:06,549 - ERROR - TCBS bars error for weight_in_vnindex: 400 Client Error: Bad Request for url: https://apipubaws.tcbs.com.vn/stock-insight/v1/stock/bars-long-term?ticker=WEIGHT_IN_VNINDEX&type=stock&resolution=D&from=1752944400&to=1755536400
2025-08-19 11:09:06,976 - ERROR - TCBS bars error for description: 400 Client Error: Bad Request for url: https://apipubaws.tcbs.com.vn/stock-insight/v1/stock/bars-long-term?ticker=DESCRIPTION&type=stock&resolution=D&from=1752944400&to=1755536400
2025-08-19 11:09:07,092 - ERROR - TCBS bars error for weight_in_vnindex: 400 Client Error: Bad Request for url: https://apipubaws.tcbs.com.vn/stock-insight/v1/stock/bars-long-term?ticker=WEIGHT_IN_VNINDEX&type=stock&resolution=D&from=1752944400&to=1755536400
2025-08-19 11:09:07,472 - ERROR - TCBS bars error for description: 400 Client Error: Bad Request for url: https://apipubaws.tcbs.com.vn/stock-insight/v1/stock/bars-long-term?ticker=DESCRIPTION&type=stock&resolution=D&from=1752944400&to=1755536400
2025-08-19 11:09:07,597 - ERROR - TCBS bars error for weight_in_vnindex: 400 Client Error: Bad Request for url: https://apipubaws.tcbs.com.vn/stock-insight/v1/stock/bars-long-term?ticker=WEIGHT_IN_VNINDEX&type=stock&resolution=D&from=1752944400&to=1755536400
2025-08-19 11:09:08,041 - ERROR - TCBS bars error for description: 400 Client Error: Bad Request for url: https://apipubaws.tcbs.com.vn/stock-insight/v1/stock/bars-long-term?ticker=DESCRIPTION&type=stock&resolution=D&from=1752944400&to=1755536400
2025-08-19 11:09:15,714 - ERROR - TCBS bars error for weight_in_vnindex: 400 Client Error: Bad Request for url: https://apipubaws.tcbs.com.vn/stock-insight/v1/stock/bars-long-term?ticker=WEIGHT_IN_VNINDEX&type=stock&resolution=D&from=1752944400&to=1755536400
2025-08-19 11:09:16,146 - ERROR - TCBS bars error for description: 400 Client Error: Bad Request for url: https://apipubaws.tcbs.com.vn/stock-insight/v1/stock/bars-long-term?ticker=DESCRIPTION&type=stock&resolution=D&from=1752944400&to=1755536400
2025-08-19 11:09:16,309 - ERROR - TCBS bars error for weight_in_vnindex: 400 Client Error: Bad Request for url: https://apipubaws.tcbs.com.vn/stock-insight/v1/stock/bars-long-term?ticker=WEIGHT_IN_VNINDEX&type=stock&resolution=D&from=1752944400&to=1755536400
2025-08-19 11:09:16,661 - ERROR - TCBS bars error for description: 400 Client Error: Bad Request for url: https://apipubaws.tcbs.com.vn/stock-insight/v1/stock/bars-long-term?ticker=DESCRIPTION&type=stock&resolution=D&from=1752944400&to=1755536400
2025-08-19 11:09:16,799 - ERROR - TCBS bars error for weight_in_vnindex: 400 Client Error: Bad Request for url: https://apipubaws.tcbs.com.vn/stock-insight/v1/stock/bars-long-term?ticker=WEIGHT_IN_VNINDEX&type=stock&resolution=D&from=1752944400&to=1755536400
2025-08-19 11:09:17,137 - ERROR - TCBS bars error for description: 400 Client Error: Bad Request for url: https://apipubaws.tcbs.com.vn/stock-insight/v1/stock/bars-long-term?ticker=DESCRIPTION&type=stock&resolution=D&from=1752944400&to=1755536400
2025-08-19 11:09:17,960 - ERROR - TCBS bars error for weight_in_vnindex: 400 Client Error: Bad Request for url: https://apipubaws.tcbs.com.vn/stock-insight/v1/stock/bars-long-term?ticker=WEIGHT_IN_VNINDEX&type=stock&resolution=D&from=1752944400&to=1755536400
2025-08-19 11:09:18,232 - ERROR - TCBS bars error for VCB: Already tz-aware, use tz_convert to convert.
2025-08-19 11:09:18,381 - ERROR - TCBS bars error for BID: Already tz-aware, use tz_convert to convert.
2025-08-19 11:09:18,508 - ERROR - TCBS bars error for CTG: Already tz-aware, use tz_convert to convert.
2025-08-19 11:09:18,665 - ERROR - TCBS bars error for TCB: Already tz-aware, use tz_convert to convert.
2025-08-19 11:09:18,793 - ERROR - TCBS bars error for MBB: Already tz-aware, use tz_convert to convert.
2025-08-19 11:09:18,938 - ERROR - TCBS bars error for VPB: Already tz-aware, use tz_convert to convert.
2025-08-19 11:09:19,122 - ERROR - TCBS bars error for ACB: Already tz-aware, use tz_convert to convert.
2025-08-19 11:09:19,252 - ERROR - TCBS bars error for TPB: Already tz-aware, use tz_convert to convert.
2025-08-19 11:09:20,587 - ERROR - TCBS bars error for STB: Already tz-aware, use tz_convert to convert.
2025-08-19 11:09:20,739 - ERROR - TCBS bars error for VHM: Already tz-aware, use tz_convert to convert.
2025-08-19 11:09:20,866 - ERROR - TCBS bars error for VIC: Already tz-aware, use tz_convert to convert.
2025-08-19 11:09:21,006 - ERROR - TCBS bars error for VRE: Already tz-aware, use tz_convert to convert.
2025-08-19 11:09:21,158 - ERROR - TCBS bars error for KDH: Already tz-aware, use tz_convert to convert.
2025-08-19 11:09:21,309 - ERROR - TCBS bars error for NVL: Already tz-aware, use tz_convert to convert.
2025-08-19 11:09:21,447 - ERROR - TCBS bars error for DXG: Already tz-aware, use tz_convert to convert.
2025-08-19 11:09:21,599 - ERROR - TCBS bars error for BCM: Already tz-aware, use tz_convert to convert.
2025-08-19 11:09:21,779 - ERROR - TCBS bars error for VNM: Already tz-aware, use tz_convert to convert.
2025-08-19 11:09:21,973 - ERROR - TCBS bars error for MSN: Already tz-aware, use tz_convert to convert.
2025-08-19 11:09:22,113 - ERROR - TCBS bars error for MWG: Already tz-aware, use tz_convert to convert.
2025-08-19 11:09:22,292 - ERROR - TCBS bars error for PNJ: Already tz-aware, use tz_convert to convert.
2025-08-19 11:09:22,445 - ERROR - TCBS bars error for SAB: Already tz-aware, use tz_convert to convert.
2025-08-19 11:09:22,611 - ERROR - TCBS bars error for GAS: Already tz-aware, use tz_convert to convert.
2025-08-19 11:09:22,762 - ERROR - TCBS bars error for PLX: Already tz-aware, use tz_convert to convert.
2025-08-19 11:09:22,897 - ERROR - TCBS bars error for POW: Already tz-aware, use tz_convert to convert.
2025-08-19 11:09:23,051 - ERROR - TCBS bars error for REE: Already tz-aware, use tz_convert to convert.
2025-08-19 11:09:23,197 - ERROR - TCBS bars error for HPG: Already tz-aware, use tz_convert to convert.
2025-08-19 11:09:23,361 - ERROR - TCBS bars error for HSG: Already tz-aware, use tz_convert to convert.
2025-08-19 11:09:23,496 - ERROR - TCBS bars error for NKG: Already tz-aware, use tz_convert to convert.
2025-08-19 11:09:23,655 - ERROR - TCBS bars error for FPT: Already tz-aware, use tz_convert to convert.
2025-08-19 11:09:23,824 - ERROR - TCBS bars error for CMG: Already tz-aware, use tz_convert to convert.
2025-08-19 11:09:23,973 - ERROR - TCBS bars error for VJC: Already tz-aware, use tz_convert to convert.
2025-08-19 11:09:24,242 - ERROR - TCBS bars error for description: 400 Client Error: Bad Request for url: https://apipubaws.tcbs.com.vn/stock-insight/v1/stock/bars-long-term?ticker=DESCRIPTION&type=stock&resolution=D&from=1752944400&to=1755536400
2025-08-19 11:09:24,613 - ERROR - TCBS bars error for weight_in_vnindex: 400 Client Error: Bad Request for url: https://apipubaws.tcbs.com.vn/stock-insight/v1/stock/bars-long-term?ticker=WEIGHT_IN_VNINDEX&type=stock&resolution=D&from=1752944400&to=1755536400
2025-08-19 11:09:24,864 - ERROR - TCBS bars error for VCB: Already tz-aware, use tz_convert to convert.
2025-08-19 11:09:25,022 - ERROR - TCBS bars error for BID: Already tz-aware, use tz_convert to convert.
2025-08-19 11:09:25,271 - ERROR - TCBS bars error for CTG: Already tz-aware, use tz_convert to convert.
2025-08-19 11:09:25,418 - ERROR - TCBS bars error for TCB: Already tz-aware, use tz_convert to convert.
2025-08-19 11:09:25,543 - ERROR - TCBS bars error for MBB: Already tz-aware, use tz_convert to convert.
2025-08-19 11:09:25,656 - ERROR - TCBS bars error for VPB: Already tz-aware, use tz_convert to convert.
2025-08-19 11:09:25,777 - ERROR - TCBS bars error for ACB: Already tz-aware, use tz_convert to convert.
2025-08-19 11:09:25,914 - ERROR - TCBS bars error for TPB: Already tz-aware, use tz_convert to convert.
2025-08-19 11:09:27,954 - ERROR - TCBS bars error for STB: Already tz-aware, use tz_convert to convert.
2025-08-19 11:09:28,081 - ERROR - TCBS bars error for VHM: Already tz-aware, use tz_convert to convert.
2025-08-19 11:09:28,195 - ERROR - TCBS bars error for VIC: Already tz-aware, use tz_convert to convert.
2025-08-19 11:09:28,346 - ERROR - TCBS bars error for VRE: Already tz-aware, use tz_convert to convert.
2025-08-19 11:09:28,462 - ERROR - TCBS bars error for KDH: Already tz-aware, use tz_convert to convert.
2025-08-19 11:09:28,586 - ERROR - TCBS bars error for NVL: Already tz-aware, use tz_convert to convert.
2025-08-19 11:09:28,711 - ERROR - TCBS bars error for DXG: Already tz-aware, use tz_convert to convert.
2025-08-19 11:09:28,831 - ERROR - TCBS bars error for BCM: Already tz-aware, use tz_convert to convert.
2025-08-19 11:09:28,945 - ERROR - TCBS bars error for VNM: Already tz-aware, use tz_convert to convert.
2025-08-19 11:09:29,108 - ERROR - TCBS bars error for MSN: Already tz-aware, use tz_convert to convert.
2025-08-19 11:09:29,227 - ERROR - TCBS bars error for MWG: Already tz-aware, use tz_convert to convert.
2025-08-19 11:09:29,357 - ERROR - TCBS bars error for PNJ: Already tz-aware, use tz_convert to convert.
2025-08-19 11:09:29,523 - ERROR - TCBS bars error for SAB: Already tz-aware, use tz_convert to convert.
2025-08-19 11:09:29,628 - ERROR - TCBS bars error for GAS: Already tz-aware, use tz_convert to convert.
2025-08-19 11:09:29,742 - ERROR - TCBS bars error for PLX: Already tz-aware, use tz_convert to convert.
2025-08-19 11:09:29,848 - ERROR - TCBS bars error for POW: Already tz-aware, use tz_convert to convert.
2025-08-19 11:09:29,959 - ERROR - TCBS bars error for REE: Already tz-aware, use tz_convert to convert.
2025-08-19 11:09:30,102 - ERROR - TCBS bars error for HPG: Already tz-aware, use tz_convert to convert.
2025-08-19 11:09:30,233 - ERROR - TCBS bars error for HSG: Already tz-aware, use tz_convert to convert.
2025-08-19 11:09:30,377 - ERROR - TCBS bars error for NKG: Already tz-aware, use tz_convert to convert.
2025-08-19 11:09:30,507 - ERROR - TCBS bars error for FPT: Already tz-aware, use tz_convert to convert.
2025-08-19 11:09:30,631 - ERROR - TCBS bars error for CMG: Already tz-aware, use tz_convert to convert.
2025-08-19 11:09:30,749 - ERROR - TCBS bars error for VJC: Already tz-aware, use tz_convert to convert.
2025-08-19 11:09:31,060 - ERROR - TCBS bars error for description: 400 Client Error: Bad Request for url: https://apipubaws.tcbs.com.vn/stock-insight/v1/stock/bars-long-term?ticker=DESCRIPTION&type=stock&resolution=D&from=1754931600&to=1755536400
2025-08-19 11:09:31,206 - ERROR - TCBS bars error for weight_in_vnindex: 400 Client Error: Bad Request for url: https://apipubaws.tcbs.com.vn/stock-insight/v1/stock/bars-long-term?ticker=WEIGHT_IN_VNINDEX&type=stock&resolution=D&from=1754931600&to=1755536400
2025-08-19 11:09:31,515 - ERROR - TCBS bars error for VCB: Already tz-aware, use tz_convert to convert.
2025-08-19 11:09:31,642 - ERROR - TCBS bars error for BID: Already tz-aware, use tz_convert to convert.
2025-08-19 11:09:31,754 - ERROR - TCBS bars error for CTG: Already tz-aware, use tz_convert to convert.
2025-08-19 11:09:31,884 - ERROR - TCBS bars error for TCB: Already tz-aware, use tz_convert to convert.
2025-08-19 11:09:32,081 - ERROR - TCBS bars error for MBB: Already tz-aware, use tz_convert to convert.
2025-08-19 11:09:32,207 - ERROR - TCBS bars error for VPB: Already tz-aware, use tz_convert to convert.
2025-08-19 11:09:32,398 - ERROR - TCBS bars error for ACB: Already tz-aware, use tz_convert to convert.
2025-08-19 11:09:32,548 - ERROR - TCBS bars error for TPB: Already tz-aware, use tz_convert to convert.
2025-08-19 11:09:32,703 - ERROR - TCBS bars error for STB: Already tz-aware, use tz_convert to convert.
2025-08-19 11:09:32,842 - ERROR - TCBS bars error for VHM: Already tz-aware, use tz_convert to convert.
2025-08-19 11:09:33,030 - ERROR - TCBS bars error for VIC: Already tz-aware, use tz_convert to convert.
2025-08-19 11:09:33,176 - ERROR - TCBS bars error for VRE: Already tz-aware, use tz_convert to convert.
2025-08-19 11:09:33,326 - ERROR - TCBS bars error for KDH: Already tz-aware, use tz_convert to convert.
2025-08-19 11:09:33,475 - ERROR - TCBS bars error for NVL: Already tz-aware, use tz_convert to convert.
2025-08-19 11:09:33,606 - ERROR - TCBS bars error for DXG: Already tz-aware, use tz_convert to convert.
2025-08-19 11:09:33,771 - ERROR - TCBS bars error for BCM: Already tz-aware, use tz_convert to convert.
2025-08-19 11:09:35,039 - ERROR - TCBS bars error for VNM: Already tz-aware, use tz_convert to convert.
2025-08-19 11:09:35,184 - ERROR - TCBS bars error for MSN: Already tz-aware, use tz_convert to convert.
2025-08-19 11:09:35,348 - ERROR - TCBS bars error for MWG: Already tz-aware, use tz_convert to convert.
2025-08-19 11:09:35,503 - ERROR - TCBS bars error for PNJ: Already tz-aware, use tz_convert to convert.
2025-08-19 11:09:35,689 - ERROR - TCBS bars error for SAB: Already tz-aware, use tz_convert to convert.
2025-08-19 11:09:35,825 - ERROR - TCBS bars error for GAS: Already tz-aware, use tz_convert to convert.
2025-08-19 11:09:35,955 - ERROR - TCBS bars error for PLX: Already tz-aware, use tz_convert to convert.
2025-08-19 11:09:36,103 - ERROR - TCBS bars error for POW: Already tz-aware, use tz_convert to convert.
2025-08-19 11:09:36,268 - ERROR - TCBS bars error for REE: Already tz-aware, use tz_convert to convert.
2025-08-19 11:09:36,449 - ERROR - TCBS bars error for HPG: Already tz-aware, use tz_convert to convert.
2025-08-19 11:09:36,579 - ERROR - TCBS bars error for HSG: Already tz-aware, use tz_convert to convert.
2025-08-19 11:09:36,711 - ERROR - TCBS bars error for NKG: Already tz-aware, use tz_convert to convert.
2025-08-19 11:09:36,861 - ERROR - TCBS bars error for FPT: Already tz-aware, use tz_convert to convert.
2025-08-19 11:09:36,996 - ERROR - TCBS bars error for CMG: Already tz-aware, use tz_convert to convert.
2025-08-19 11:09:37,119 - ERROR - TCBS bars error for VJC: Already tz-aware, use tz_convert to convert.
2025-08-19 11:09:37,264 - ERROR - TCBS bars error for VNINDEX: Already tz-aware, use tz_convert to convert.
2025-08-19 11:09:37,403 - ERROR - TCBS bars error for VN30: Already tz-aware, use tz_convert to convert.
2025-08-19 11:09:37,404 - INFO - Loading Vietnam economic indicators...
2025-08-19 11:09:38,594 - INFO - Loading global economic context...
2025-08-19 11:09:43,954 - INFO - Loading global markets data...
2025-08-19 11:09:46,368 - INFO - All data sources loaded successfully
2025-08-19 11:10:04,203 - ERROR - Application failed: The `spec` argument to `st.columns` must be either a positive integer (number of columns) or a list of positive numbers (width ratios of the columns). See [documentation](https://docs.streamlit.io/develop/api-reference/layout/st.columns) for more information.
2025-08-19 11:10:05,682 - ERROR - Application failed: You set theme="plotly" while Streamlit charts only support theme=”streamlit” or theme=None to fallback to the default library theme.
2025-08-19 11:10:08,861 - ERROR - Application failed: You set theme="plotly" while Streamlit charts only support theme=”streamlit” or theme=None to fallback to the default library theme.
2025-08-19 11:10:21,235 - ERROR - Application failed: The `spec` argument to `st.columns` must be either a positive integer (number of columns) or a list of positive numbers (width ratios of the columns). See [documentation](https://docs.streamlit.io/develop/api-reference/layout/st.columns) for more information.
2025-08-19 11:10:24,944 - ERROR - Application failed: You set theme="plotly" while Streamlit charts only support theme=”streamlit” or theme=None to fallback to the default library theme.
2025-08-19 11:10:33,663 - ERROR - Application failed: name 'charts' is not defined
2025-08-19 11:10:50,536 - ERROR - Application failed: No secrets found. Valid paths for a secrets.toml file or secret directories are: C:\Users\tado\.streamlit\secrets.toml, C:\Users\tado\Downloads\ecotrack\.streamlit\secrets.toml
2025-08-19 11:10:52,981 - ERROR - Application failed: name 'charts' is not defined
2025-08-19 11:10:53,690 - ERROR - Application failed: You set theme="plotly" while Streamlit charts only support theme=”streamlit” or theme=None to fallback to the default library theme.
2025-08-19 11:10:54,299 - ERROR - Application failed: The `spec` argument to `st.columns` must be either a positive integer (number of columns) or a list of positive numbers (width ratios of the columns). See [documentation](https://docs.streamlit.io/develop/api-reference/layout/st.columns) for more information.
2025-08-19 11:10:55,162 - ERROR - Application failed: You set theme="plotly" while Streamlit charts only support theme=”streamlit” or theme=None to fallback to the default library theme.
